TN:
SF:src/App.tsx
FN:3,App
FNF:1
FNH:0
FNDA:0,App
DA:1,0
DA:4,0
DA:7,0
LF:3
LH:0
BRF:0
BRH:0
end_of_record
TN:
SF:src/components/CameraPreview.tsx
FN:17,(anonymous_0)
FN:48,(anonymous_1)
FN:62,(anonymous_2)
FN:71,(anonymous_3)
FN:76,(anonymous_4)
FN:83,(anonymous_5)
FN:88,(anonymous_6)
FN:95,(anonymous_7)
FNF:8
FNH:8
FNDA:15,(anonymous_0)
FNDA:15,(anonymous_1)
FNDA:1,(anonymous_2)
FNDA:1,(anonymous_3)
FNDA:1,(anonymous_4)
FNDA:1,(anonymous_5)
FNDA:15,(anonymous_6)
FNDA:15,(anonymous_7)
DA:1,1
DA:2,1
DA:3,1
DA:4,1
DA:5,1
DA:6,1
DA:17,1
DA:21,15
DA:22,15
DA:36,15
DA:39,15
DA:48,15
DA:49,15
DA:51,2
DA:53,0
DA:55,0
DA:57,13
DA:62,15
DA:63,1
DA:64,1
DA:66,0
DA:71,15
DA:72,1
DA:76,15
DA:77,1
DA:78,1
DA:83,15
DA:84,1
DA:88,15
DA:89,15
DA:90,1
DA:95,15
DA:96,15
DA:97,1
DA:101,15
DA:268,1
LF:36
LH:33
BRDA:49,0,0,2
BRDA:49,0,1,0
BRDA:49,0,2,0
BRDA:49,0,3,13
BRDA:77,1,0,1
BRDA:89,2,0,1
BRDA:96,3,0,1
BRDA:109,4,0,10
BRDA:109,4,1,5
BRDA:132,5,0,5
BRDA:132,5,1,10
BRDA:152,6,0,1
BRDA:152,6,1,9
BRDA:172,7,0,15
BRDA:172,7,1,2
BRDA:173,8,0,15
BRDA:173,8,1,0
BRDA:174,9,0,15
BRDA:174,9,1,0
BRDA:175,10,0,15
BRDA:175,10,1,13
BRDA:179,11,0,15
BRDA:179,11,1,0
BRDA:192,12,0,1
BRDA:192,12,1,14
BRDA:196,13,0,0
BRDA:196,13,1,15
BRF:27
BRH:21
end_of_record
TN:
SF:src/components/ConfirmModal.tsx
FN:13,(anonymous_0)
FNF:1
FNH:1
FNDA:61,(anonymous_0)
DA:2,3
DA:3,3
DA:4,3
DA:13,3
DA:19,61
DA:21,61
DA:76,3
LF:7
LH:7
BRDA:33,0,0,61
BRDA:33,0,1,0
BRDA:42,1,0,61
BRDA:42,1,1,0
BRDA:47,2,0,61
BRDA:47,2,1,0
BRDA:57,3,0,61
BRDA:57,3,1,0
BRDA:59,4,0,61
BRDA:59,4,1,0
BRF:10
BRH:5
end_of_record
TN:
SF:src/components/GameOverModal.tsx
FN:17,(anonymous_0)
FNF:1
FNH:1
FNDA:61,(anonymous_0)
DA:1,3
DA:2,3
DA:3,3
DA:4,3
DA:17,3
DA:24,61
DA:99,3
LF:7
LH:7
BRF:0
BRH:0
end_of_record
TN:
SF:src/components/GestureOverlay.tsx
FN:31,(anonymous_0)
FN:39,(anonymous_1)
FN:63,(anonymous_2)
FN:81,(anonymous_3)
FNF:4
FNH:0
FNDA:0,(anonymous_0)
FNDA:0,(anonymous_1)
FNDA:0,(anonymous_2)
FNDA:0,(anonymous_3)
DA:1,0
DA:12,0
DA:31,0
DA:37,0
DA:39,0
DA:40,0
DA:41,0
DA:43,0
DA:44,0
DA:47,0
DA:50,0
DA:51,0
DA:54,0
DA:57,0
DA:58,0
DA:59,0
DA:62,0
DA:63,0
DA:64,0
DA:65,0
DA:66,0
DA:69,0
DA:70,0
DA:71,0
DA:72,0
DA:74,0
DA:75,0
DA:78,0
DA:81,0
DA:83,0
DA:84,0
DA:86,0
DA:87,0
DA:90,0
DA:92,0
DA:93,0
DA:95,0
DA:96,0
DA:98,0
DA:101,0
DA:104,0
DA:108,0
DA:109,0
DA:111,0
DA:112,0
DA:113,0
DA:114,0
DA:115,0
DA:116,0
DA:117,0
DA:121,0
DA:138,0
LF:52
LH:0
BRDA:35,0,0,0
BRDA:41,1,0,0
BRDA:44,2,0,0
BRDA:50,3,0,0
BRDA:50,4,0,0
BRDA:50,4,1,0
BRDA:64,5,0,0
BRDA:64,6,0,0
BRDA:64,6,1,0
BRDA:90,7,0,0
BRDA:90,7,1,0
BRDA:93,8,0,0
BRDA:93,8,1,0
BRDA:96,9,0,0
BRDA:96,9,1,0
BRF:15
BRH:0
end_of_record
TN:
SF:src/components/GestureVisualization.tsx
FN:31,(anonymous_0)
FN:39,(anonymous_1)
FN:75,(anonymous_2)
FN:94,(anonymous_3)
FNF:4
FNH:2
FNDA:61,(anonymous_0)
FNDA:16,(anonymous_1)
FNDA:0,(anonymous_2)
FNDA:0,(anonymous_3)
DA:1,3
DA:12,3
DA:31,3
DA:37,61
DA:39,61
DA:40,16
DA:41,16
DA:43,16
DA:44,16
DA:47,16
DA:50,16
DA:51,16
DA:54,16
DA:55,16
DA:56,16
DA:59,16
DA:60,16
DA:61,16
DA:62,16
DA:63,16
DA:64,16
DA:67,0
DA:70,0
DA:71,0
DA:72,0
DA:73,0
DA:75,0
DA:76,0
DA:77,0
DA:78,0
DA:81,0
DA:82,0
DA:83,0
DA:84,0
DA:86,0
DA:87,0
DA:88,0
DA:89,0
DA:94,0
DA:95,0
DA:96,0
DA:98,0
DA:99,0
DA:102,0
DA:103,0
DA:106,0
DA:107,0
DA:108,0
DA:109,0
DA:113,0
DA:114,0
DA:116,0
DA:117,0
DA:118,0
DA:119,0
DA:122,0
DA:123,0
DA:124,0
DA:125,0
DA:128,0
DA:129,0
DA:130,0
DA:131,0
DA:132,0
DA:136,61
DA:151,3
LF:66
LH:23
BRDA:33,0,0,0
BRDA:34,1,0,0
BRDA:35,2,0,61
BRDA:41,3,0,0
BRDA:44,4,0,0
BRDA:59,5,0,16
BRDA:59,6,0,16
BRDA:59,6,1,16
BRDA:76,7,0,0
BRDA:76,8,0,0
BRDA:76,8,1,0
BRF:11
BRH:4
end_of_record
TN:
SF:src/components/PauseModal.tsx
FN:16,(anonymous_0)
FNF:1
FNH:1
FNDA:61,(anonymous_0)
DA:1,3
DA:2,3
DA:3,3
DA:4,3
DA:16,3
DA:17,61
DA:77,3
LF:7
LH:7
BRF:0
BRH:0
end_of_record
TN:
SF:src/hooks/index.ts
FN:6,(anonymous_0)
FN:7,(anonymous_1)
FNF:2
FNH:0
FNDA:0,(anonymous_0)
FNDA:0,(anonymous_1)
DA:6,0
DA:7,0
LF:2
LH:0
BRF:0
BRH:0
end_of_record
TN:
SF:src/hooks/useBulletSystem.ts
FN:52,(anonymous_0)
FN:66,(anonymous_1)
FN:74,(anonymous_2)
FN:80,(anonymous_3)
FN:87,(anonymous_4)
FN:97,(anonymous_5)
FN:104,(anonymous_6)
FNF:7
FNH:5
FNDA:84,(anonymous_0)
FNDA:1,(anonymous_1)
FNDA:1,(anonymous_2)
FNDA:18,(anonymous_3)
FNDA:0,(anonymous_4)
FNDA:72,(anonymous_5)
FNDA:0,(anonymous_6)
DA:1,5
DA:52,5
DA:54,84
DA:57,84
DA:60,84
DA:61,84
DA:66,84
DA:67,1
DA:74,1
DA:80,84
DA:81,18
DA:87,84
DA:88,0
DA:91,0
DA:97,84
DA:98,72
DA:99,72
DA:100,72
DA:101,72
DA:104,72
DA:110,72
DA:112,0
DA:113,0
DA:117,0
DA:118,0
DA:119,0
DA:120,0
DA:122,0
DA:127,0
DA:129,0
DA:130,0
DA:133,0
DA:134,0
DA:137,0
DA:138,0
DA:143,0
DA:144,0
DA:149,72
DA:151,72
DA:159,84
LF:40
LH:22
BRDA:112,0,0,0
BRDA:120,1,0,0
BRDA:127,2,0,0
BRDA:127,2,1,0
BRDA:143,3,0,0
BRF:5
BRH:0
end_of_record
TN:
SF:src/hooks/useGameControl.ts
FN:66,(anonymous_0)
FN:124,(anonymous_1)
FN:136,(anonymous_2)
FN:150,(anonymous_3)
FN:157,(anonymous_4)
FN:169,(anonymous_5)
FN:176,(anonymous_6)
FN:184,(anonymous_7)
FN:233,(anonymous_8)
FN:268,(anonymous_9)
FN:273,(anonymous_10)
FN:278,(anonymous_11)
FN:280,(anonymous_12)
FN:287,(anonymous_13)
FN:292,(anonymous_14)
FNF:15
FNH:11
FNDA:96,(anonymous_0)
FNDA:19,(anonymous_1)
FNDA:18,(anonymous_2)
FNDA:1,(anonymous_3)
FNDA:3,(anonymous_4)
FNDA:0,(anonymous_5)
FNDA:0,(anonymous_6)
FNDA:42,(anonymous_7)
FNDA:40,(anonymous_8)
FNDA:42,(anonymous_9)
FNDA:40,(anonymous_10)
FNDA:42,(anonymous_11)
FNDA:0,(anonymous_12)
FNDA:0,(anonymous_13)
FNDA:33,(anonymous_14)
DA:1,6
DA:2,6
DA:3,6
DA:4,6
DA:66,6
DA:67,96
DA:80,96
DA:88,96
DA:91,96
DA:97,96
DA:103,96
DA:111,96
DA:114,96
DA:115,96
DA:118,96
DA:119,96
DA:124,96
DA:125,19
DA:126,19
DA:128,0
DA:129,0
DA:136,96
DA:137,18
DA:139,18
DA:144,18
DA:150,96
DA:151,1
DA:157,96
DA:158,3
DA:162,3
DA:163,3
DA:169,96
DA:170,0
DA:176,96
DA:178,0
DA:184,96
DA:186,42
DA:192,0
DA:193,0
DA:196,0
DA:197,0
DA:200,0
DA:201,0
DA:204,0
DA:205,0
DA:206,0
DA:210,0
DA:211,0
DA:213,0
DA:216,0
DA:217,0
DA:219,0
DA:225,0
DA:226,0
DA:233,96
DA:234,40
DA:235,33
DA:238,7
DA:239,7
DA:245,7
DA:246,0
DA:247,0
DA:248,0
DA:249,0
DA:251,0
DA:256,7
DA:257,0
DA:258,0
DA:259,0
DA:260,0
DA:264,7
DA:268,96
DA:269,42
DA:273,96
DA:274,40
DA:278,96
DA:279,42
DA:280,0
DA:281,0
DA:287,0
DA:292,96
DA:293,33
DA:299,96
LF:83
LH:50
BRDA:66,0,0,33
BRDA:186,1,0,0
BRDA:186,2,0,42
BRDA:186,2,1,42
BRDA:186,2,2,0
BRDA:186,2,3,0
BRDA:186,2,4,0
BRDA:210,3,0,0
BRDA:210,3,1,0
BRDA:211,4,0,0
BRDA:211,4,1,0
BRDA:213,5,0,0
BRDA:213,5,1,0
BRDA:234,6,0,33
BRDA:234,7,0,40
BRDA:234,7,1,40
BRDA:245,8,0,0
BRDA:245,9,0,7
BRDA:245,9,1,0
BRDA:246,10,0,0
BRDA:246,10,1,0
BRDA:247,11,0,0
BRDA:256,12,0,0
BRDA:257,13,0,0
BRDA:257,13,1,0
BRDA:258,14,0,0
BRDA:279,15,0,0
BRDA:279,16,0,42
BRDA:279,16,1,42
BRF:29
BRH:9
end_of_record
TN:
SF:src/hooks/useGestureRecognition.ts
FN:40,(anonymous_0)
FN:49,(anonymous_1)
FN:50,(anonymous_2)
FN:66,(anonymous_3)
FN:118,(anonymous_4)
FN:122,(anonymous_5)
FN:136,(anonymous_6)
FN:162,(anonymous_7)
FN:181,(anonymous_8)
FN:183,(anonymous_9)
FN:193,(anonymous_10)
FN:196,(anonymous_11)
FN:215,(anonymous_12)
FN:253,(anonymous_13)
FN:333,(anonymous_14)
FN:409,(anonymous_15)
FN:461,(anonymous_16)
FN:466,(anonymous_17)
FN:489,(anonymous_18)
FN:563,(anonymous_19)
FN:599,(anonymous_20)
FN:600,(anonymous_21)
FN:609,(anonymous_22)
FN:610,(anonymous_23)
FN:614,(anonymous_24)
FN:615,(anonymous_25)
FN:621,(anonymous_26)
FNF:27
FNH:24
FNDA:115,(anonymous_0)
FNDA:38,(anonymous_1)
FNDA:0,(anonymous_2)
FNDA:38,(anonymous_3)
FNDA:22,(anonymous_4)
FNDA:0,(anonymous_5)
FNDA:0,(anonymous_6)
FNDA:31,(anonymous_7)
FNDA:651,(anonymous_8)
FNDA:651,(anonymous_9)
FNDA:31,(anonymous_10)
FNDA:651,(anonymous_11)
FNDA:31,(anonymous_12)
FNDA:465,(anonymous_13)
FNDA:28,(anonymous_14)
FNDA:56,(anonymous_15)
FNDA:41,(anonymous_16)
FNDA:29,(anonymous_17)
FNDA:31,(anonymous_18)
FNDA:16,(anonymous_19)
FNDA:2,(anonymous_20)
FNDA:2,(anonymous_21)
FNDA:24,(anonymous_22)
FNDA:24,(anonymous_23)
FNDA:38,(anonymous_24)
FNDA:38,(anonymous_25)
FNDA:61,(anonymous_26)
DA:1,6
DA:2,6
DA:11,6
DA:40,6
DA:42,115
DA:43,115
DA:44,115
DA:46,115
DA:49,115
DA:50,38
DA:51,0
DA:52,0
DA:53,0
DA:54,0
DA:58,0
DA:59,0
DA:60,0
DA:64,38
DA:66,38
DA:67,38
DA:72,115
DA:78,115
DA:84,115
DA:89,115
DA:94,115
DA:102,115
DA:105,115
DA:118,115
DA:119,22
DA:121,22
DA:122,0
DA:123,0
DA:124,0
DA:125,0
DA:126,0
DA:127,0
DA:131,22
DA:132,22
DA:133,0
DA:135,22
DA:137,0
DA:141,22
DA:148,22
DA:149,22
DA:151,22
DA:153,0
DA:154,0
DA:161,115
DA:163,31
DA:165,0
DA:170,0
DA:174,0
DA:177,31
DA:181,651
DA:183,651
DA:186,31
DA:187,31
DA:188,31
DA:191,31
DA:193,31
DA:196,651
DA:204,31
DA:205,31
DA:206,31
DA:215,115
DA:216,31
DA:218,31
DA:219,0
DA:220,0
DA:228,31
DA:229,31
DA:230,31
DA:231,31
DA:232,31
DA:233,31
DA:234,31
DA:235,31
DA:236,31
DA:237,31
DA:238,31
DA:239,31
DA:240,31
DA:241,31
DA:242,31
DA:245,31
DA:253,465
DA:254,0
DA:255,0
DA:263,31
DA:264,31
DA:265,31
DA:266,31
DA:267,31
DA:269,31
DA:270,31
DA:275,31
DA:277,0
DA:282,31
DA:291,0
DA:296,31
DA:298,0
DA:303,31
DA:305,31
DA:310,0
DA:312,0
DA:319,0
DA:325,0
DA:326,0
DA:333,115
DA:334,28
DA:336,28
DA:337,0
DA:338,0
DA:340,0
DA:342,0
DA:345,28
DA:346,0
DA:347,0
DA:351,28
DA:352,22
DA:355,22
DA:356,0
DA:359,22
DA:366,22
DA:369,22
DA:371,6
DA:373,6
DA:375,6
DA:376,6
DA:378,3
DA:380,3
DA:382,1
DA:383,1
DA:385,0
DA:386,0
DA:388,0
DA:389,0
DA:391,0
DA:392,0
DA:394,2
DA:398,6
DA:409,115
DA:410,56
DA:413,56
DA:414,9
DA:415,9
DA:419,56
DA:420,21
DA:421,21
DA:423,0
DA:425,21
DA:429,56
DA:430,0
DA:431,0
DA:432,0
DA:436,56
DA:437,56
DA:440,56
DA:446,56
DA:452,56
DA:461,115
DA:462,41
DA:463,30
DA:466,11
DA:467,29
DA:468,2
DA:471,27
DA:473,27
DA:475,0
DA:479,27
DA:482,11
DA:488,115
DA:491,31
DA:492,0
DA:495,31
DA:498,31
DA:500,0
DA:501,0
DA:503,0
DA:508,0
DA:509,0
DA:511,0
DA:512,0
DA:513,0
DA:516,0
DA:520,0
DA:526,0
DA:529,31
DA:533,31
DA:534,31
DA:537,31
DA:538,31
DA:541,0
DA:542,0
DA:545,31
DA:546,15
DA:548,16
DA:551,16
DA:554,16
DA:562,115
DA:564,16
DA:569,16
DA:572,16
DA:573,16
DA:574,16
DA:578,0
DA:579,0
DA:583,0
DA:584,0
DA:588,0
DA:591,16
DA:599,115
DA:600,2
DA:609,115
DA:610,24
DA:614,115
DA:615,38
DA:616,38
DA:621,115
DA:622,61
DA:623,19
DA:624,42
DA:625,0
DA:626,0
DA:630,115
LF:225
LH:154
BRDA:52,0,0,0
BRDA:52,0,1,0
BRDA:59,1,0,0
BRDA:121,2,0,0
BRDA:132,3,0,0
BRDA:163,4,0,0
BRDA:163,5,0,31
BRDA:163,5,1,31
BRDA:191,6,0,31
BRDA:191,6,1,0
BRDA:205,7,0,31
BRDA:218,8,0,0
BRDA:218,9,0,31
BRDA:218,9,1,31
BRDA:219,10,0,0
BRDA:219,10,1,0
BRDA:253,11,0,0
BRDA:253,12,0,465
BRDA:253,12,1,465
BRDA:263,13,0,31
BRDA:263,13,1,31
BRDA:264,14,0,31
BRDA:264,14,1,31
BRDA:265,15,0,31
BRDA:265,15,1,31
BRDA:266,16,0,31
BRDA:266,16,1,31
BRDA:267,17,0,31
BRDA:267,17,1,31
BRDA:275,18,0,0
BRDA:275,18,1,31
BRDA:275,19,0,31
BRDA:275,19,1,31
BRDA:282,20,0,0
BRDA:282,20,1,31
BRDA:283,21,0,31
BRDA:283,21,1,31
BRDA:283,21,2,0
BRDA:283,21,3,0
BRDA:283,21,4,0
BRDA:283,21,5,0
BRDA:296,22,0,0
BRDA:296,22,1,31
BRDA:296,23,0,31
BRDA:296,23,1,0
BRDA:303,24,0,31
BRDA:303,24,1,0
BRDA:303,25,0,31
BRDA:303,25,1,31
BRDA:303,25,2,31
BRDA:310,26,0,0
BRDA:310,27,0,0
BRDA:310,27,1,0
BRDA:310,27,2,0
BRDA:336,28,0,0
BRDA:345,29,0,0
BRDA:355,30,0,0
BRDA:375,31,0,6
BRDA:376,32,0,3
BRDA:376,32,1,1
BRDA:376,32,2,0
BRDA:376,32,3,0
BRDA:376,32,4,0
BRDA:376,32,5,2
BRDA:394,33,0,2
BRDA:394,33,1,0
BRDA:413,34,0,9
BRDA:419,35,0,21
BRDA:429,36,0,0
BRDA:462,37,0,30
BRDA:462,38,0,41
BRDA:462,38,1,41
BRDA:462,38,2,11
BRDA:462,38,3,11
BRDA:467,39,0,2
BRDA:467,40,0,29
BRDA:467,40,1,27
BRDA:467,40,2,27
BRDA:491,41,0,0
BRDA:498,42,0,0
BRDA:498,42,1,31
BRDA:500,43,0,0
BRDA:500,43,1,0
BRDA:503,44,0,0
BRDA:504,45,0,0
BRDA:504,45,1,0
BRDA:508,46,0,0
BRDA:508,46,1,0
BRDA:509,47,0,0
BRDA:533,48,0,31
BRDA:533,48,1,2
BRDA:537,49,0,31
BRDA:537,49,1,0
BRDA:541,50,0,0
BRDA:545,51,0,15
BRDA:569,52,0,16
BRDA:569,52,1,0
BRDA:569,52,2,0
BRDA:569,52,3,0
BRDA:622,53,0,19
BRDA:622,53,1,42
BRDA:622,54,0,61
BRDA:622,54,1,59
BRDA:624,55,0,0
BRF:104
BRH:56
end_of_record
TN:
SF:src/pages/Game/index.tsx
FN:46,(anonymous_1)
FN:75,(anonymous_2)
FN:83,(anonymous_3)
FN:98,(anonymous_4)
FN:137,(anonymous_5)
FN:162,(anonymous_6)
FN:163,(anonymous_7)
FN:169,(anonymous_8)
FN:201,(anonymous_9)
FN:209,(anonymous_10)
FN:214,(anonymous_11)
FN:220,(anonymous_12)
FN:222,(anonymous_13)
FN:226,(anonymous_14)
FN:237,(anonymous_15)
FN:245,(anonymous_16)
FN:260,(anonymous_17)
FN:260,(anonymous_18)
FN:269,(anonymous_19)
FN:277,(anonymous_20)
FN:290,(anonymous_21)
FN:294,(anonymous_22)
FN:298,(anonymous_23)
FN:301,(anonymous_24)
FN:302,(anonymous_25)
FN:306,(anonymous_26)
FN:310,(anonymous_27)
FN:330,(anonymous_28)
FN:359,(anonymous_29)
FN:374,(anonymous_30)
FN:385,(anonymous_31)
FN:388,(anonymous_32)
FN:408,(anonymous_33)
FN:412,(anonymous_34)
FN:423,(anonymous_35)
FN:427,(anonymous_36)
FN:431,(anonymous_37)
FN:488,(anonymous_38)
FN:542,(anonymous_39)
FN:560,(anonymous_40)
FN:565,(anonymous_41)
FN:570,(anonymous_42)
FN:583,(anonymous_43)
FN:593,(anonymous_44)
FN:603,(anonymous_45)
FN:613,(anonymous_46)
FN:626,(anonymous_47)
FN:827,(anonymous_48)
FN:860,(anonymous_49)
FN:896,(anonymous_50)
FN:911,(anonymous_51)
FNF:51
FNH:34
FNDA:512,(anonymous_1)
FNDA:2,(anonymous_2)
FNDA:16,(anonymous_3)
FNDA:64,(anonymous_4)
FNDA:27,(anonymous_5)
FNDA:16,(anonymous_6)
FNDA:16,(anonymous_7)
FNDA:16,(anonymous_8)
FNDA:26,(anonymous_9)
FNDA:2,(anonymous_10)
FNDA:2,(anonymous_11)
FNDA:2,(anonymous_12)
FNDA:16,(anonymous_13)
FNDA:16,(anonymous_14)
FNDA:0,(anonymous_15)
FNDA:0,(anonymous_16)
FNDA:16,(anonymous_17)
FNDA:0,(anonymous_18)
FNDA:0,(anonymous_19)
FNDA:16,(anonymous_20)
FNDA:0,(anonymous_21)
FNDA:8,(anonymous_22)
FNDA:23,(anonymous_23)
FNDA:0,(anonymous_24)
FNDA:0,(anonymous_25)
FNDA:6,(anonymous_26)
FNDA:30,(anonymous_27)
FNDA:0,(anonymous_28)
FNDA:0,(anonymous_29)
FNDA:5,(anonymous_30)
FNDA:5,(anonymous_31)
FNDA:1,(anonymous_32)
FNDA:2,(anonymous_33)
FNDA:1,(anonymous_34)
FNDA:1,(anonymous_35)
FNDA:0,(anonymous_36)
FNDA:0,(anonymous_37)
FNDA:1,(anonymous_38)
FNDA:0,(anonymous_39)
FNDA:0,(anonymous_40)
FNDA:0,(anonymous_41)
FNDA:1,(anonymous_42)
FNDA:2,(anonymous_43)
FNDA:1,(anonymous_44)
FNDA:1,(anonymous_45)
FNDA:0,(anonymous_46)
FNDA:0,(anonymous_47)
FNDA:504,(anonymous_48)
FNDA:0,(anonymous_49)
FNDA:504,(anonymous_50)
FNDA:504,(anonymous_51)
DA:1,3
DA:2,3
DA:3,3
DA:4,3
DA:12,3
DA:13,3
DA:14,3
DA:15,3
DA:16,3
DA:17,3
DA:18,3
DA:19,3
DA:20,3
DA:21,3
DA:22,3
DA:46,3
DA:53,512
DA:54,512
DA:55,512
DA:58,512
DA:59,512
DA:61,512
DA:75,3
DA:80,2
DA:81,2
DA:83,2
DA:84,16
DA:85,16
DA:90,16
DA:91,0
DA:95,2
DA:98,3
DA:99,64
DA:100,64
DA:103,63
DA:113,63
DA:134,63
DA:137,63
DA:138,27
DA:139,11
DA:140,11
DA:144,63
DA:145,63
DA:146,63
DA:147,63
DA:150,63
DA:162,63
DA:163,16
DA:164,16
DA:166,16
DA:169,16
DA:170,16
DA:171,16
DA:173,16
DA:174,0
DA:177,16
DA:178,0
DA:186,63
DA:187,63
DA:190,63
DA:191,63
DA:194,63
DA:196,63
DA:198,63
DA:201,63
DA:202,26
DA:205,8
DA:206,0
DA:209,8
DA:211,2
DA:212,2
DA:214,2
DA:220,2
DA:221,2
DA:222,16
DA:226,16
DA:229,2
DA:236,2
DA:237,0
DA:238,0
DA:239,0
DA:242,0
DA:243,0
DA:245,0
DA:246,0
DA:250,0
DA:259,2
DA:260,16
DA:264,2
DA:265,2
DA:268,2
DA:269,0
DA:277,16
DA:284,2
DA:285,2
DA:287,2
DA:288,0
DA:289,0
DA:290,0
DA:294,8
DA:298,63
DA:299,23
DA:301,6
DA:302,0
DA:303,0
DA:306,6
DA:310,63
DA:311,30
DA:313,18
DA:314,0
DA:315,0
DA:317,18
DA:318,18
DA:322,12
DA:323,0
DA:324,0
DA:327,0
DA:330,0
DA:331,0
DA:333,12
DA:334,0
DA:336,0
DA:337,0
DA:338,0
DA:340,0
DA:344,12
DA:345,0
DA:346,0
DA:349,0
DA:350,0
DA:351,0
DA:354,0
DA:355,0
DA:359,0
DA:360,0
DA:374,63
DA:376,5
DA:377,0
DA:378,0
DA:382,5
DA:383,5
DA:384,5
DA:385,5
DA:388,63
DA:390,1
DA:391,0
DA:392,0
DA:396,1
DA:397,0
DA:398,0
DA:400,1
DA:403,1
DA:406,1
DA:408,2
DA:409,1
DA:412,63
DA:414,1
DA:415,1
DA:416,1
DA:417,1
DA:421,1
DA:423,1
DA:424,1
DA:427,63
DA:428,0
DA:431,0
DA:438,0
DA:439,0
DA:440,0
DA:444,0
DA:445,0
DA:446,0
DA:448,0
DA:451,0
DA:452,0
DA:460,0
DA:462,0
DA:468,0
DA:469,0
DA:471,0
DA:474,0
DA:479,0
DA:480,0
DA:483,0
DA:484,0
DA:488,63
DA:490,1
DA:491,0
DA:492,0
DA:496,1
DA:497,0
DA:498,0
DA:500,1
DA:503,1
DA:506,1
DA:508,1
DA:509,1
DA:512,1
DA:515,1
DA:518,1
DA:521,1
DA:532,1
DA:542,63
DA:543,0
DA:546,0
DA:549,0
DA:552,0
DA:553,0
DA:554,0
DA:556,0
DA:560,63
DA:561,0
DA:562,0
DA:565,63
DA:566,0
DA:567,0
DA:570,63
DA:571,1
DA:574,1
DA:577,1
DA:580,1
DA:581,1
DA:582,1
DA:583,2
DA:586,1
DA:587,0
DA:588,0
DA:593,63
DA:594,1
DA:595,0
DA:596,0
DA:598,1
DA:603,63
DA:604,1
DA:605,0
DA:606,0
DA:608,1
DA:613,63
DA:615,0
DA:616,0
DA:618,0
DA:619,0
DA:621,0
DA:626,63
DA:627,0
DA:630,63
DA:828,504
DA:861,0
DA:897,504
DA:913,504
DA:915,504
DA:916,504
DA:932,0
DA:1047,3
LF:254
LH:159
BRDA:50,0,0,0
BRDA:51,1,0,0
BRDA:54,2,0,128
BRDA:54,2,1,384
BRDA:67,3,0,259
BRDA:67,3,1,253
BRDA:90,4,0,0
BRDA:138,5,0,11
BRDA:138,6,0,27
BRDA:138,6,1,11
BRDA:173,7,0,0
BRDA:177,8,0,0
BRDA:202,9,0,18
BRDA:202,10,0,26
BRDA:202,10,1,10
BRDA:205,11,0,0
BRDA:236,12,0,0
BRDA:242,13,0,0
BRDA:268,14,0,0
BRDA:279,15,0,16
BRDA:279,15,1,0
BRDA:287,16,0,0
BRDA:288,17,0,0
BRDA:288,17,1,0
BRDA:299,18,0,17
BRDA:299,19,0,23
BRDA:299,19,1,7
BRDA:311,20,0,18
BRDA:311,21,0,30
BRDA:311,21,1,14
BRDA:313,22,0,0
BRDA:322,23,0,0
BRDA:322,23,1,12
BRDA:322,24,0,12
BRDA:322,24,1,0
BRDA:333,25,0,0
BRDA:333,26,0,12
BRDA:333,26,1,12
BRDA:336,27,0,0
BRDA:344,28,0,0
BRDA:349,29,0,0
BRDA:354,30,0,0
BRDA:376,31,0,0
BRDA:390,32,0,0
BRDA:396,33,0,0
BRDA:414,34,0,1
BRDA:438,35,0,0
BRDA:444,36,0,0
BRDA:468,37,0,0
BRDA:468,37,1,0
BRDA:490,38,0,0
BRDA:496,39,0,0
BRDA:586,40,0,0
BRDA:594,41,0,0
BRDA:594,41,1,1
BRDA:594,42,0,1
BRDA:594,42,1,0
BRDA:604,43,0,0
BRDA:604,43,1,1
BRDA:604,44,0,1
BRDA:604,44,1,0
BRDA:618,45,0,0
BRDA:618,45,1,0
BRDA:637,46,0,0
BRDA:637,46,1,63
BRDA:649,47,0,29
BRDA:649,47,1,34
BRDA:649,48,0,63
BRDA:649,48,1,29
BRDA:659,49,0,2
BRDA:659,49,1,32
BRDA:664,50,0,0
BRDA:664,50,1,32
BRDA:681,51,0,2
BRDA:681,51,1,61
BRDA:689,52,0,2
BRDA:689,52,1,2
BRDA:703,53,0,29
BRDA:703,53,1,32
BRDA:719,54,0,29
BRDA:719,54,1,34
BRDA:720,55,0,29
BRDA:720,55,1,34
BRDA:721,56,0,63
BRDA:721,56,1,29
BRDA:723,57,0,29
BRDA:723,57,1,34
BRDA:723,58,0,2
BRDA:723,58,1,32
BRDA:745,59,0,29
BRDA:745,59,1,34
BRDA:746,60,0,29
BRDA:746,60,1,34
BRDA:746,61,0,0
BRDA:746,61,1,29
BRDA:752,62,0,63
BRDA:752,62,1,0
BRDA:765,63,0,0
BRDA:765,63,1,63
BRDA:767,64,0,63
BRDA:767,64,1,0
BRDA:769,65,0,0
BRDA:769,65,1,0
BRDA:771,66,0,0
BRDA:771,66,1,0
BRDA:773,67,0,0
BRDA:773,67,1,0
BRDA:775,68,0,0
BRDA:775,68,1,0
BRDA:782,69,0,63
BRDA:782,69,1,0
BRDA:782,69,2,0
BRDA:782,69,3,0
BRDA:839,70,0,279
BRDA:839,70,1,225
BRDA:845,71,0,504
BRDA:845,71,1,0
BRDA:903,72,0,126
BRDA:903,72,1,378
BRDA:904,73,0,126
BRDA:904,73,1,378
BRDA:915,74,0,504
BRDA:923,75,0,126
BRDA:923,75,1,378
BRDA:926,76,0,126
BRDA:926,76,1,378
BRDA:969,77,0,45
BRDA:969,77,1,18
BRF:128
BRH:73
end_of_record
TN:
SF:src/pages/Rank/index.tsx
FN:32,(anonymous_1)
FN:38,(anonymous_2)
FN:40,(anonymous_3)
FN:59,(anonymous_4)
FN:61,(anonymous_5)
FN:95,(anonymous_6)
FN:99,(anonymous_7)
FN:108,(anonymous_8)
FN:130,(anonymous_9)
FN:133,(anonymous_10)
FNF:10
FNH:10
FNDA:18,(anonymous_1)
FNDA:11,(anonymous_2)
FNDA:11,(anonymous_3)
FNDA:10,(anonymous_4)
FNDA:10,(anonymous_5)
FNDA:34,(anonymous_6)
FNDA:1,(anonymous_7)
FNDA:12,(anonymous_8)
FNDA:1,(anonymous_9)
FNDA:1,(anonymous_10)
DA:1,1
DA:2,1
DA:3,1
DA:19,1
DA:21,1
DA:26,1
DA:32,1
DA:33,18
DA:34,17
DA:35,17
DA:36,17
DA:38,17
DA:40,11
DA:41,11
DA:42,11
DA:43,11
DA:44,10
DA:45,9
DA:46,1
DA:47,1
DA:48,1
DA:50,10
DA:52,1
DA:53,1
DA:56,11
DA:59,17
DA:61,10
DA:62,10
DA:63,10
DA:64,9
DA:66,1
DA:67,1
DA:70,10
DA:73,17
DA:96,34
DA:99,1
DA:109,12
DA:130,1
DA:133,1
DA:142,1
LF:40
LH:40
BRDA:43,0,0,10
BRDA:43,0,1,1
BRDA:45,1,0,9
BRDA:45,1,1,0
BRDA:46,2,0,1
BRDA:48,3,0,1
BRDA:48,3,1,0
BRDA:64,4,0,9
BRDA:64,4,1,8
BRDA:98,5,0,17
BRDA:98,5,1,17
BRDA:107,6,0,4
BRDA:107,6,1,13
BRDA:107,7,0,17
BRDA:107,7,1,17
BRDA:109,8,0,12
BRDA:109,8,1,0
BRDA:110,9,0,12
BRDA:110,9,1,0
BRDA:112,10,0,4
BRDA:112,10,1,8
BRDA:112,11,0,4
BRDA:112,11,1,4
BRDA:112,12,0,4
BRDA:112,12,1,0
BRF:25
BRH:20
end_of_record
TN:
SF:src/pages/Start/index.tsx
FN:5,(anonymous_1)
FNF:1
FNH:1
FNDA:5,(anonymous_1)
DA:2,1
DA:3,1
DA:5,1
DA:6,5
DA:29,1
LF:5
LH:5
BRF:0
BRH:0
end_of_record
TN:
SF:src/router/index.tsx
FN:7,(anonymous_9)
FN:7,(anonymous_10)
FN:8,(anonymous_11)
FN:8,(anonymous_12)
FN:9,(anonymous_13)
FN:9,(anonymous_14)
FN:12,(anonymous_15)
FN:24,(anonymous_16)
FN:27,(anonymous_17)
FN:28,(anonymous_18)
FN:32,(anonymous_19)
FN:35,(anonymous_20)
FN:44,(anonymous_21)
FN:45,(anonymous_22)
FN:50,(anonymous_23)
FN:60,(anonymous_24)
FN:78,(anonymous_25)
FNF:17
FNH:11
FNDA:1,(anonymous_9)
FNDA:1,(anonymous_10)
FNDA:0,(anonymous_11)
FNDA:0,(anonymous_12)
FNDA:0,(anonymous_13)
FNDA:0,(anonymous_14)
FNDA:1,(anonymous_15)
FNDA:4,(anonymous_16)
FNDA:0,(anonymous_17)
FNDA:0,(anonymous_18)
FNDA:3,(anonymous_19)
FNDA:3,(anonymous_20)
FNDA:3,(anonymous_21)
FNDA:1,(anonymous_22)
FNDA:1,(anonymous_23)
FNDA:3,(anonymous_24)
FNDA:3,(anonymous_25)
DA:1,1
DA:2,1
DA:3,1
DA:4,1
DA:7,2
DA:8,1
DA:9,1
DA:12,1
DA:13,1
DA:24,1
DA:25,4
DA:26,4
DA:27,0
DA:28,0
DA:32,1
DA:33,3
DA:35,3
DA:37,3
DA:38,3
DA:39,3
DA:44,3
DA:45,3
DA:46,1
DA:47,1
DA:50,3
DA:51,1
DA:52,1
DA:53,1
DA:57,3
DA:58,3
DA:60,3
DA:61,3
DA:62,3
DA:64,3
DA:67,3
DA:78,1
DA:79,3
DA:84,1
LF:38
LH:36
BRDA:37,0,0,3
BRDA:37,1,0,3
BRDA:37,1,1,0
BRDA:51,2,0,1
BRF:4
BRH:3
end_of_record
TN:
SF:src/types/gesture.ts
FNF:0
FNH:0
DA:6,9
LF:1
LH:1
BRF:0
BRH:0
end_of_record
TN:
SF:src/utils/cameraManager.ts
FN:13,(anonymous_0)
FN:15,(anonymous_1)
FN:25,(anonymous_2)
FN:50,(anonymous_3)
FN:62,(anonymous_4)
FN:73,(anonymous_5)
FN:93,(anonymous_6)
FN:103,(anonymous_7)
FN:110,(anonymous_8)
FN:117,(anonymous_9)
FN:124,(anonymous_10)
FNF:11
FNH:11
FNDA:3,(anonymous_0)
FNDA:3,(anonymous_1)
FNDA:14,(anonymous_2)
FNDA:27,(anonymous_3)
FNDA:12,(anonymous_4)
FNDA:14,(anonymous_5)
FNDA:7,(anonymous_6)
FNDA:2,(anonymous_7)
FNDA:4,(anonymous_8)
FNDA:2,(anonymous_9)
FNDA:1,(anonymous_10)
DA:8,3
DA:9,3
DA:10,3
DA:11,3
DA:16,3
DA:17,3
DA:19,3
DA:26,14
DA:27,1
DA:30,13
DA:31,13
DA:38,12
DA:39,12
DA:40,12
DA:42,1
DA:43,1
DA:51,27
DA:52,12
DA:55,12
DA:56,6
DA:57,6
DA:58,6
DA:62,12
DA:63,12
DA:64,12
DA:65,12
DA:69,12
DA:70,12
DA:73,14
DA:75,12
DA:78,12
DA:79,2
DA:80,2
DA:86,15
DA:94,7
DA:104,2
DA:111,4
DA:118,2
DA:125,1
DA:126,1
DA:130,3
LF:41
LH:41
BRDA:16,0,0,3
BRDA:26,1,0,1
BRDA:26,2,0,14
BRDA:26,2,1,1
BRDA:51,3,0,12
BRDA:51,3,1,15
BRDA:55,4,0,6
BRDA:78,5,0,2
BRDA:78,6,0,12
BRDA:78,6,1,12
BRF:10
BRH:10
end_of_record
TN:
SF:src/utils/gestureUtils.ts
FN:22,(anonymous_0)
FN:37,(anonymous_1)
FN:80,(anonymous_2)
FN:90,(anonymous_3)
FN:119,(anonymous_4)
FN:148,(anonymous_5)
FN:181,(anonymous_6)
FNF:7
FNH:7
FNDA:6,(anonymous_0)
FNDA:2,(anonymous_1)
FNDA:24,(anonymous_2)
FNDA:4,(anonymous_3)
FNDA:3,(anonymous_4)
FNDA:3,(anonymous_5)
FNDA:9,(anonymous_6)
DA:5,1
DA:22,1
DA:23,6
DA:24,6
DA:25,6
DA:27,6
DA:37,1
DA:39,2
DA:45,2
DA:52,2
DA:53,2
DA:56,2
DA:57,0
DA:61,2
DA:64,2
DA:67,2
DA:70,2
DA:80,1
DA:82,24
DA:90,1
DA:91,4
DA:92,3
DA:95,1
DA:96,1
DA:97,1
DA:98,1
DA:99,1
DA:100,1
DA:103,1
DA:104,1
DA:107,1
DA:111,1
DA:119,1
DA:120,3
DA:121,2
DA:124,1
DA:125,1
DA:126,1
DA:127,1
DA:128,1
DA:129,1
DA:132,1
DA:133,1
DA:136,1
DA:140,1
DA:148,1
DA:149,3
DA:150,2
DA:153,1
DA:154,1
DA:155,1
DA:156,1
DA:157,1
DA:158,1
DA:159,1
DA:160,1
DA:161,1
DA:162,1
DA:163,1
DA:164,1
DA:167,1
DA:168,1
DA:169,1
DA:170,1
DA:173,1
DA:181,1
DA:183,9
DA:184,5
DA:191,4
DA:193,4
DA:194,4
DA:195,4
DA:196,4
DA:197,4
DA:198,4
DA:199,4
DA:200,4
DA:201,4
DA:202,4
DA:203,4
DA:204,4
DA:207,4
DA:208,4
DA:209,4
DA:210,4
DA:211,4
DA:213,4
DA:214,4
DA:219,4
DA:220,1
DA:228,3
DA:229,0
DA:237,3
DA:238,1
DA:246,2
DA:247,1
DA:255,1
DA:256,0
DA:264,1
DA:271,0
DA:272,0
LF:101
LH:96
BRDA:56,0,0,0
BRDA:56,1,0,2
BRDA:56,1,1,2
BRDA:82,2,0,24
BRDA:82,2,1,13
BRDA:91,3,0,3
BRDA:91,4,0,4
BRDA:91,4,1,3
BRDA:107,5,0,1
BRDA:107,5,1,1
BRDA:107,5,2,1
BRDA:111,6,0,1
BRDA:111,6,1,1
BRDA:111,6,2,1
BRDA:120,7,0,2
BRDA:120,8,0,3
BRDA:120,8,1,2
BRDA:136,9,0,1
BRDA:136,9,1,1
BRDA:136,9,2,1
BRDA:140,10,0,1
BRDA:140,10,1,1
BRDA:140,10,2,1
BRDA:149,11,0,2
BRDA:149,12,0,3
BRDA:149,12,1,2
BRDA:173,13,0,1
BRDA:173,13,1,1
BRDA:173,13,2,1
BRDA:173,13,3,1
BRDA:183,14,0,5
BRDA:183,15,0,9
BRDA:183,15,1,7
BRDA:207,16,0,4
BRDA:207,16,1,1
BRDA:219,17,0,1
BRDA:219,18,0,4
BRDA:219,18,1,2
BRDA:228,19,0,0
BRDA:228,20,0,3
BRDA:228,20,1,1
BRDA:228,20,2,0
BRDA:228,20,3,0
BRDA:228,20,4,0
BRDA:228,20,5,0
BRDA:237,21,0,1
BRDA:237,22,0,3
BRDA:237,22,1,1
BRDA:246,23,0,1
BRDA:246,24,0,2
BRDA:246,24,1,1
BRDA:246,24,2,1
BRDA:255,25,0,0
BRDA:255,26,0,1
BRDA:255,26,1,1
BRDA:255,26,2,0
BRF:56
BRH:48
end_of_record
TN:
SF:src/utils/timeUtils.ts
FN:6,(anonymous_0)
FNF:1
FNH:1
FNDA:6,(anonymous_0)
DA:6,1
DA:7,6
DA:8,6
DA:9,6
DA:10,6
DA:11,6
DA:13,6
LF:7
LH:7
BRF:0
BRH:0
end_of_record
